0.0 -2.0 86.9565
-3.0 -2.0 54.3478
3.0 -2.0 84.7826
0.0 -3.0 84.7826
-3.0 -3.0 54.3478
3.0 -3.0 86.9565
-4.0 -2.0 54.3478
-4.0 -3.0 54.3478
2.0 -2.0 86.9565
2.0 -3.0 86.9565
0.0 0.0 60.8696
-3.0 0.0 54.3478
3.0 0.0 58.6957
-4.0 0.0 54.3478
2.0 0.0 58.6957
-1.0 -2.0 71.7391
-1.0 -3.0 82.6087
-1.0 0.0 54.3478
5.0 -2.0 78.2609
5.0 -3.0 86.9565
5.0 0.0 58.6957
0.0 -4.0 86.9565
-3.0 -4.0 54.3478
3.0 -4.0 89.1304
-4.0 -4.0 54.3478
2.0 -4.0 89.1304
-1.0 -4.0 82.6087
5.0 -4.0 89.1304
-5.0 -2.0 54.3478
-5.0 -3.0 54.3478
-5.0 0.0 54.3478
-5.0 -4.0 54.3478
1.0 -2.0 86.9565
1.0 -3.0 84.7826
1.0 0.0 60.8696
1.0 -4.0 86.9565
0.0 -1.0 82.6087
-3.0 -1.0 54.3478
3.0 -1.0 67.3913
-4.0 -1.0 54.3478
2.0 -1.0 76.087
-1.0 -1.0 56.5217
5.0 -1.0 60.8696
-5.0 -1.0 54.3478
1.0 -1.0 82.6087
-2.0 -2.0 54.3478
-2.0 -3.0 65.2174
-2.0 0.0 54.3478
-2.0 -4.0 76.087
-2.0 -1.0 54.3478
4.0 -2.0 80.4348
4.0 -3.0 86.9565
4.0 0.0 58.6957
4.0 -4.0 89.1304
4.0 -1.0 65.2174
