5 -7 92.8571
-1 -7 75.8929
5 -1 93.75
-1 -1 91.0714
11 -7 83.9286
11 -1 93.75
5 -13 75.8929
-1 -13 75.8929
11 -13 91.9643
-3 -7 75.8929
-3 -1 75.8929
-3 -13 75.8929
5 1 84.8214
-1 1 78.5714
11 1 84.8214
-3 1 75.8929
9 -7 85.7143
9 -1 93.75
9 -13 91.9643
9 1 84.8214
5 -11 75.8929
-1 -11 75.8929
11 -11 88.3929
-3 -11 75.8929
9 -11 91.9643
3 -7 92.8571
3 -1 93.75
3 -13 75.8929
3 1 84.8214
3 -11 75.8929
5 -5 91.0714
-1 -5 75.8929
11 -5 88.3929
-3 -5 75.8929
9 -5 88.3929
3 -5 91.9643
15 -7 83.9286
15 -1 93.75
15 -13 87.5
15 1 84.8214
15 -11 85.7143
15 -5 88.3929
5 -15 75.8929
-1 -15 75.8929
11 -15 91.9643
-3 -15 75.8929
9 -15 75.8929
3 -15 75.8929
15 -15 88.3929
-5 -7 75.8929
-5 -1 75.8929
-5 -13 75.8929
-5 1 75.8929
-5 -11 75.8929
-5 -5 75.8929
-5 -15 75.8929
5 3 75.8929
-1 3 75.8929
11 3 75.8929
-3 3 75.8929
9 3 75.8929
3 3 75.8929
15 3 75.8929
-5 3 75.8929
7 -7 91.0714
7 -1 93.75
7 -13 75.8929
7 1 84.8214
7 -11 91.9643
7 -5 89.2857
7 -15 75.8929
7 3 75.8929
5 -9 91.9643
-1 -9 75.8929
11 -9 86.6071
-3 -9 75.8929
9 -9 88.3929
3 -9 75.8929
15 -9 83.0357
-5 -9 75.8929
7 -9 91.9643
1 -7 75.8929
1 -1 94.6429
1 -13 75.8929
1 1 84.8214
1 -11 75.8929
1 -5 94.6429
1 -15 75.8929
1 3 75.8929
1 -9 75.8929
5 -3 91.0714
-1 -3 89.2857
11 -3 91.0714
-3 -3 75.8929
9 -3 91.0714
3 -3 93.75
15 -3 91.0714
-5 -3 75.8929
7 -3 91.0714
1 -3 93.75
13 -7 83.9286
13 -1 93.75
13 -13 88.3929
13 1 84.8214
13 -11 87.5
13 -5 88.3929
13 -15 91.0714
13 3 75.8929
13 -9 84.8214
13 -3 91.0714
