5 -7 31078100.0
-1 -7 31661900.0
5 -1 30161200.0
-1 -1 31645900.0
11 -7 15404800.0
11 -1 10283500.0
5 -13 31661000.0
-1 -13 31671100.0
11 -13 31019400.0
-3 -7 31668900.0
-3 -1 31664900.0
-3 -13 31671200.0
5 1 31492400.0
-1 1 31668500.0
11 1 24008200.0
-3 1 31670500.0
9 -7 23716600.0
9 -1 18350400.0
9 -13 31507200.0
9 1 28989700.0
5 -11 31630400.0
-1 -11 31670600.0
11 -11 29281200.0
-3 -11 31671100.0
9 -11 31022300.0
3 -7 31522200.0
3 -1 31268500.0
3 -13 31668700.0
3 1 31627900.0
3 -11 31661000.0
5 -5 29980800.0
-1 -5 31642800.0
11 -5 10518900.0
-3 -5 31664100.0
9 -5 17262000.0
3 -5 31215400.0
15 -7 7658590.0
15 -1 8208250.0
15 -13 23251200.0
15 1 18024900.0
15 -11 14724800.0
15 -5 6923930.0
5 -15 31668700.0
-1 -15 31671200.0
11 -15 31507000.0
-3 -15 31671200.0
9 -15 31630200.0
3 -15 31670600.0
15 -15 29268000.0
-5 -7 31670600.0
-5 -1 31669600.0
-5 -13 31671200.0
-5 1 31671100.0
-5 -11 31671200.0
-5 -5 31669400.0
-5 -15 31671200.0
5 3 31665800.0
-1 3 31671200.0
11 3 31215500.0
-3 3 31671200.0
9 3 31468200.0
3 3 31670600.0
15 3 30437600.0
-5 3 31671200.0
7 -7 29474400.0
7 -1 26141700.0
7 -13 31630200.0
7 1 30978100.0
7 -11 31508000.0
7 -5 25322800.0
7 -15 31661000.0
7 3 31642900.0
5 -9 31511000.0
-1 -9 31668700.0
11 -9 23389400.0
-3 -9 31670600.0
9 -9 29322900.0
3 -9 31631100.0
15 -9 10259200.0
-5 -9 31671100.0
7 -9 31034000.0
1 -7 31633900.0
1 -1 31570300.0
1 -13 31670600.0
1 1 31660400.0
1 -11 31668700.0
1 -5 31557600.0
1 -15 31671100.0
1 3 31671100.0
1 -9 31661200.0
5 -3 28947800.0
-1 -3 31623500.0
11 -3 8314040.0
-3 -3 31659300.0
9 -3 13436800.0
3 -3 30927600.0
15 -3 7324560.0
-5 -3 31668200.0
7 -3 22901500.0
1 -3 31480500.0
13 -7 10332600.0
13 -1 8317860.0
13 -13 29270700.0
13 1 18135100.0
13 -11 23279800.0
13 -5 7527130.0
13 -15 31018600.0
13 3 30496700.0
13 -9 14840300.0
13 -3 7184240.0
