5 -7 92.865
-1 -7 74.5884
5 -1 94.1273
-1 -1 93.798
11 -7 95.0604
11 -1 93.0296
5 -13 74.8628
-1 -13 72.6125
11 -13 92.0966
-3 -7 72.6125
-3 -1 91.6026
-3 -13 72.6125
5 1 93.3589
-1 1 92.8101
11 1 93.3589
-3 1 90.6696
9 -7 94.1822
9 -1 93.0296
9 -13 90.944
9 1 93.3589
5 -11 89.3524
-1 -11 72.6125
11 -11 92.371
-3 -11 72.6125
9 -11 92.0966
3 -7 91.4929
3 -1 94.8408
3 -13 72.6125
3 1 93.5236
3 -11 74.8079
5 -5 94.1273
-1 -5 89.4072
11 -5 95.0604
-3 -5 74.1493
9 -5 94.8408
3 -5 93.5236
15 -7 94.8957
15 -1 93.0296
15 -13 92.0417
15 1 93.3589
15 -11 93.0845
15 -5 93.9627
5 -15 72.6125
-1 -15 72.6125
11 -15 90.944
-3 -15 72.6125
9 -15 89.3524
3 -15 72.6125
15 -15 91.9319
-5 -7 72.6125
-5 -1 86.7179
-5 -13 72.6125
-5 1 83.3699
-5 -11 72.6125
-5 -5 72.6125
-5 -15 72.6125
5 3 88.0351
-1 3 83.7541
11 3 88.0351
-3 3 78.1559
9 3 88.0351
3 3 88.0351
15 3 88.0351
-5 3 72.6125
7 -7 93.2492
7 -1 93.1943
7 -13 89.3524
7 1 93.3589
7 -11 91.0538
7 -5 95.0604
7 -15 74.8628
7 3 88.0351
5 -9 91.1087
-1 -9 72.6125
11 -9 93.1943
-3 -9 72.6125
9 -9 92.8101
3 -9 89.3524
15 -9 95.0604
-5 -9 72.6125
7 -9 92.5357
1 -7 89.2426
1 -1 95.1701
1 -13 72.6125
1 1 93.5785
1 -11 72.6125
1 -5 92.4808
1 -15 72.6125
1 3 88.09
1 -9 74.753
5 -3 94.7859
-1 -3 92.371
11 -3 93.5785
-3 -3 89.1328
9 -3 94.5664
3 -3 94.8957
15 -3 92.9199
-5 -3 72.9418
7 -3 94.7311
1 -3 93.8529
13 -7 94.6213
13 -1 93.0296
13 -13 92.2064
13 1 93.3589
13 -11 92.4259
13 -5 95.0055
13 -15 92.0417
13 3 88.0351
13 -9 94.1822
13 -3 92.865
